2017-11-22 23:43:22,401 :  INFO :      MAIN : Reading Configuration
2017-11-22 23:43:22,607 :  INFO :      MAIN : Creating olympus
2017-11-22 23:43:22,637 :  INFO :      MAIN : Creating clients
2017-11-22 23:43:22,652 :  INFO : CLIENT  0 : Setup Completed
2017-11-22 23:43:22,653 :  INFO : CLIENT  0 : Running
2017-11-22 23:43:22,655 :  INFO :      MAIN : Starting olympus
2017-11-22 23:43:22,656 :  INFO :   OLYMPUS : Setup Completed
2017-11-22 23:43:22,658 :  INFO :   OLYMPUS : Running
2017-11-22 23:43:22,658 :  INFO :   OLYMPUS : CONFIG : Creating new CONFIGURATION = 0
2017-11-22 23:43:22,745 :  INFO :   OLYMPUS : CONFIG : Creating replicas for configuration = 0
2017-11-22 23:43:22,791 :  INFO : REPLICA 0 : Setup Completed
2017-11-22 23:43:22,793 :  INFO : REPLICA 0 : Running
2017-11-22 23:43:22,848 :  INFO : REPLICA 1 : Setup Completed
2017-11-22 23:43:22,849 :  INFO : REPLICA 1 : Running
2017-11-22 23:43:22,894 :  INFO : REPLICA 2 : Setup Completed
2017-11-22 23:43:22,896 :  INFO : REPLICA 2 : Running
2017-11-22 23:43:22,944 :  INFO : REPLICA 3 : Setup Completed
2017-11-22 23:43:22,945 :  INFO : REPLICA 3 : Running
2017-11-22 23:43:22,992 :  INFO : REPLICA 4 : Setup Completed
2017-11-22 23:43:22,994 :  INFO : REPLICA 4 : Running
2017-11-22 23:43:22,995 :  INFO : CLIENT  0 : Sending request for opArgs = put - movie - star and requestIndex = 0
2017-11-22 23:43:22,997 :  INFO : REPLICA 0 : Client request for cid = 0 requestIndex = 0 received with op args put - movie - star
2017-11-22 23:43:22,999 :  INFO : REPLICA 0 : Shuttle Started								for cid = 0 and requestIndex=0 slot_number=0
2017-11-22 23:43:23,000 :  INFO : REPLICA 1 : Shuttle Received								for cid = 0 and requestIndex=0 slot_number=0
2017-11-22 23:43:23,001 :  INFO : REPLICA 1 : Shuttle Forwarded								for cid = 0 and requestIndex=0 slot_number=0
2017-11-22 23:43:23,003 :  INFO : REPLICA 2 : Shuttle Received								for cid = 0 and requestIndex=0 slot_number=0
2017-11-22 23:43:23,004 :  INFO : REPLICA 2 : Shuttle Forwarded								for cid = 0 and requestIndex=0 slot_number=0
2017-11-22 23:43:23,005 :  INFO : REPLICA 3 : Shuttle Received								for cid = 0 and requestIndex=0 slot_number=0
2017-11-22 23:43:23,007 :  INFO : REPLICA 3 : Shuttle Forwarded								for cid = 0 and requestIndex=0 slot_number=0
2017-11-22 23:43:23,008 :  INFO : REPLICA 4 : Shuttle Received								for cid = 0 and requestIndex=0 slot_number=0
2017-11-22 23:43:23,013 :  INFO : REPLICA 4 : Client Response sent to cid = 0
2017-11-22 23:43:23,014 :  INFO : REPLICA 4 : Result Shuttle Started							for cid = 0 and requestIndex=0 slot_number=0
2017-11-22 23:43:23,015 :  INFO : CLIENT  0 : Response received for opArgs = put - movie - star and requestIndex 0
2017-11-22 23:43:23,015 :  INFO : CLIENT  0 : Sending request for opArgs = append - movie -  wars and requestIndex = 1
2017-11-22 23:43:23,016 :  INFO : REPLICA 3 : Result Shuttle Received							for cid = 0 and requestIndex=0 slot_number=0
2017-11-22 23:43:23,017 :  INFO : REPLICA 0 : Client request for cid = 0 requestIndex = 1 received with op args append - movie -  wars
2017-11-22 23:43:23,017 :  INFO : REPLICA 3 : Result Shuttle Forwarded							for cid = 0 and requestIndex=0 slot_number=0
2017-11-22 23:43:23,017 :  INFO : REPLICA 0 : Shuttle Started								for cid = 0 and requestIndex=1 slot_number=1
2017-11-22 23:43:23,018 :  INFO : REPLICA 1 : Shuttle Received								for cid = 0 and requestIndex=1 slot_number=1
2017-11-22 23:43:23,018 :  INFO : REPLICA 2 : Result Shuttle Received							for cid = 0 and requestIndex=0 slot_number=0
2017-11-22 23:43:23,019 :  INFO : REPLICA 1 : FAILURE : shuttle ['0', '1'] drop ['']
2017-11-22 23:43:23,020 :  INFO : REPLICA 2 : Result Shuttle Forwarded							for cid = 0 and requestIndex=0 slot_number=0
2017-11-22 23:43:23,021 :  INFO : REPLICA 1 : Result Shuttle Received							for cid = 0 and requestIndex=0 slot_number=0
2017-11-22 23:43:23,022 :  INFO : REPLICA 1 : Result Shuttle Forwarded							for cid = 0 and requestIndex=0 slot_number=0
2017-11-22 23:43:23,023 :  INFO : REPLICA 0 : Result Shuttle Received							for cid = 0 and requestIndex=0 slot_number=0
2017-11-22 23:43:26,017 :  INFO : CLIENT  0 : Retransmitting request for opArgs = append - movie -  wars and requestIndex = 1
2017-11-22 23:43:26,020 :  INFO : REPLICA 0 : Received Retransmit request for cid = 0 requestIndex = 1 received with op args append - movie -  wars
2017-11-22 23:43:26,020 :  INFO : REPLICA 1 : Received Retransmit request for cid = 0 requestIndex = 1 received with op args append - movie -  wars
2017-11-22 23:43:26,021 :  INFO : REPLICA 2 : Received Retransmit request for cid = 0 requestIndex = 1 received with op args append - movie -  wars
2017-11-22 23:43:26,021 :  INFO : REPLICA 0 : Forwarding request to head for cid = 0 requestIndex = 1
2017-11-22 23:43:26,021 :  INFO : REPLICA 3 : Received Retransmit request for cid = 0 requestIndex = 1 received with op args append - movie -  wars
2017-11-22 23:43:26,022 :  INFO : REPLICA 2 : Forwarding request to head for cid = 0 requestIndex = 1
2017-11-22 23:43:26,022 :  INFO : REPLICA 3 : Forwarding request to head for cid = 0 requestIndex = 1
2017-11-22 23:43:26,023 :  INFO : REPLICA 4 : Received Retransmit request for cid = 0 requestIndex = 1 received with op args append - movie -  wars
2017-11-22 23:43:26,021 :  INFO : REPLICA 1 : Forwarding request to head for cid = 0 requestIndex = 1
2017-11-22 23:43:26,023 :  INFO : REPLICA 0 : Received Forwarded request for cid = 0 requestIndex = 1 from rid = 0
2017-11-22 23:43:26,024 :  INFO : REPLICA 4 : Forwarding request to head for cid = 0 requestIndex = 1
2017-11-22 23:43:26,024 :  INFO : REPLICA 0 : Processing Forwarded request for cid = 0 requestIndex = 1 from rid = 0
2017-11-22 23:43:26,025 :  INFO : REPLICA 0 : Waiting for result shuttle to Reply to retransmit request from cid = 0 and requestIndex = 1
2017-11-22 23:43:26,026 :  INFO : REPLICA 0 : Received Forwarded request for cid = 0 requestIndex = 1 from rid = 2
2017-11-22 23:43:26,027 :  INFO : REPLICA 0 : Received Forwarded request for cid = 0 requestIndex = 1 from rid = 3
2017-11-22 23:43:26,028 :  INFO : REPLICA 0 : Received Forwarded request for cid = 0 requestIndex = 1 from rid = 1
2017-11-22 23:43:26,029 :  INFO : REPLICA 0 : Received Forwarded request for cid = 0 requestIndex = 1 from rid = 4
2017-11-22 23:43:29,022 : ERROR : CLIENT  0 : Reconfigure: Client_Retransmit_request timed out: Request number : 1 
2017-11-22 23:43:29,023 : ERROR : REPLICA 2 : Reconfigure: Client_request_forward timeout cid = 0 and requestIndex = 1
2017-11-22 23:43:29,024 :  INFO :   OLYMPUS : Received Reconfigure Request from client
2017-11-22 23:43:29,025 : ERROR : REPLICA 3 : Reconfigure: Client_request_forward timeout cid = 0 and requestIndex = 1
2017-11-22 23:43:29,025 : ERROR : REPLICA 1 : Reconfigure: Client_request_forward timeout cid = 0 and requestIndex = 1
2017-11-22 23:43:29,025 :  INFO :   OLYMPUS : Forwarding client request with valid proof of misbehavior for Reconfiguration
2017-11-22 23:43:29,026 : ERROR : REPLICA 4 : Reconfigure: Client_request_forward timeout cid = 0 and requestIndex = 1
2017-11-22 23:43:29,026 :  INFO :   OLYMPUS : Client request for reconfiguration has valid proof of misbehavior for Reconfiguration
2017-11-22 23:43:29,027 :  INFO :   OLYMPUS : Reconfigure: Processing Reconfigure Request
2017-11-22 23:43:29,028 : ERROR : REPLICA 0 : Reconfigure: head timed out waiting for result shuttle for the operation in queue for cid = 0 and requestIndex = 1
2017-11-22 23:43:29,028 :  INFO :   OLYMPUS : Reconfigure: Sending wedge requests to all replicas
2017-11-22 23:43:29,030 :  INFO : REPLICA 0 : Received Wedge Request
2017-11-22 23:43:29,030 :  INFO : REPLICA 1 : Received Wedge Request
2017-11-22 23:43:29,030 :  INFO :   OLYMPUS : Reconfigure: Awaiting wedged responses from all replicas
2017-11-22 23:43:29,030 :  INFO : REPLICA 2 : Received Wedge Request
2017-11-22 23:43:29,031 :  INFO : REPLICA 2 : FAILURE : wedge_request ['0'] truncate_history ['4']
2017-11-22 23:43:29,032 :  INFO :   OLYMPUS : Reconfigure: Duplicate Reconfigure Request
2017-11-22 23:43:29,032 :  INFO : REPLICA 3 : Received Wedge Request
2017-11-22 23:43:29,032 :  INFO : REPLICA 4 : Received Wedge Request
2017-11-22 23:43:29,033 :  INFO :   OLYMPUS : Reconfigure: Duplicate Reconfigure Request
2017-11-22 23:43:29,034 :  INFO :   OLYMPUS : Reconfigure: Duplicate Reconfigure Request
2017-11-22 23:43:29,035 :  INFO :   OLYMPUS : Reconfigure: Duplicate Reconfigure Request
2017-11-22 23:43:29,035 :  INFO :   OLYMPUS : Reconfigure: Duplicate Reconfigure Request
2017-11-22 23:43:29,037 :  INFO :   OLYMPUS : Reconfigure: Received wedged response from 5 replicas
2017-11-22 23:43:29,040 :  INFO :   OLYMPUS : Quorum: Removing replicas with invalid history
2017-11-22 23:43:29,040 :  INFO :   OLYMPUS : Quorum: Attempting Quorum = [0, 1, 2] on valid history
2017-11-22 23:43:29,041 :  INFO :   OLYMPUS : Quorum: Checkpoints are consistent
2017-11-22 23:43:29,041 :  INFO :   OLYMPUS : Quorum: Quorum is valid
2017-11-22 23:43:29,042 :  INFO : REPLICA 0 : Received Catch_Up Request
2017-11-22 23:43:29,043 :  INFO : REPLICA 1 : Received Catch_Up Request
2017-11-22 23:43:29,043 :  INFO : REPLICA 2 : Received Catch_Up Request
2017-11-22 23:43:29,045 :  INFO :   OLYMPUS : Quorum: received all/some caught_up responses
2017-11-22 23:43:29,045 :  INFO :   OLYMPUS : Quorum: Get running state from replica
2017-11-22 23:43:29,046 :  INFO : REPLICA 0 : Received Get_Running_State Request
2017-11-22 23:43:29,047 :  INFO :   OLYMPUS : Quorum: Running state received {'movie': 'star wars'}
2017-11-22 23:43:29,048 :  INFO :   OLYMPUS : Quorum: Running state is valid with result hash
2017-11-22 23:43:29,048 :  INFO :   OLYMPUS : Quorum: cleaning up old replicas
2017-11-22 23:43:29,049 :  INFO : REPLICA 0 : Force Shut
2017-11-22 23:43:29,049 :  INFO : REPLICA 1 : Force Shut
2017-11-22 23:43:29,049 :  INFO :   OLYMPUS : Quorum: starting with checkpointed_slot -1 checkpointedstatement None
2017-11-22 23:43:29,050 :  INFO :   OLYMPUS : CONFIG : Creating new CONFIGURATION = 1
2017-11-22 23:43:29,052 :  INFO : REPLICA 2 : Force Shut
2017-11-22 23:43:29,054 :  INFO : REPLICA 3 : Force Shut
2017-11-22 23:43:29,055 :  INFO : REPLICA 4 : Force Shut
2017-11-22 23:43:29,143 :  INFO :   OLYMPUS : CONFIG : Creating replicas for configuration = 1
2017-11-22 23:43:29,184 :  INFO : REPLICA 0 : Setup Completed
2017-11-22 23:43:29,186 :  INFO : REPLICA 0 : Running
2017-11-22 23:43:29,234 :  INFO : REPLICA 1 : Setup Completed
2017-11-22 23:43:29,236 :  INFO : REPLICA 1 : Running
2017-11-22 23:43:29,284 :  INFO : REPLICA 2 : Setup Completed
2017-11-22 23:43:29,286 :  INFO : REPLICA 2 : Running
2017-11-22 23:43:29,335 :  INFO : REPLICA 3 : Setup Completed
2017-11-22 23:43:29,336 :  INFO : REPLICA 3 : Running
2017-11-22 23:43:29,385 :  INFO : REPLICA 4 : Setup Completed
2017-11-22 23:43:29,387 :  INFO : REPLICA 4 : Running
2017-11-22 23:43:29,388 :  INFO : CLIENT  0 : Response received from Olympus for opArgs = append - movie -  wars and requestIndex 1
2017-11-22 23:43:29,389 :  INFO : CLIENT  0 : Sending request for opArgs = get - movie - None and requestIndex = 2
2017-11-22 23:43:29,390 :  INFO : REPLICA 0 : Client request for cid = 0 requestIndex = 2 received with op args get - movie - None
2017-11-22 23:43:29,391 :  INFO : REPLICA 0 : Shuttle Started								for cid = 0 and requestIndex=2 slot_number=2
2017-11-22 23:43:29,392 :  INFO : REPLICA 1 : Shuttle Received								for cid = 0 and requestIndex=2 slot_number=2
2017-11-22 23:43:29,394 :  INFO : REPLICA 1 : Shuttle Forwarded								for cid = 0 and requestIndex=2 slot_number=2
2017-11-22 23:43:29,399 :  INFO : REPLICA 2 : Shuttle Received								for cid = 0 and requestIndex=2 slot_number=2
2017-11-22 23:43:29,400 :  INFO : REPLICA 2 : Shuttle Forwarded								for cid = 0 and requestIndex=2 slot_number=2
2017-11-22 23:43:29,401 :  INFO : REPLICA 3 : Shuttle Received								for cid = 0 and requestIndex=2 slot_number=2
2017-11-22 23:43:29,403 :  INFO : REPLICA 3 : Shuttle Forwarded								for cid = 0 and requestIndex=2 slot_number=2
2017-11-22 23:43:29,404 :  INFO : REPLICA 4 : Shuttle Received								for cid = 0 and requestIndex=2 slot_number=2
2017-11-22 23:43:29,406 :  INFO : REPLICA 4 : Client Response sent to cid = 0
2017-11-22 23:43:29,408 :  INFO : CLIENT  0 : Response received for opArgs = get - movie - None and requestIndex 2
2017-11-22 23:43:29,408 :  INFO : REPLICA 4 : Result Shuttle Started							for cid = 0 and requestIndex=2 slot_number=2
2017-11-22 23:43:29,409 :  INFO : CLIENT  0 : Terminated
2017-11-22 23:43:29,410 :  INFO :      MAIN : Clients are shut
2017-11-22 23:43:29,410 :  INFO : REPLICA 3 : Result Shuttle Received							for cid = 0 and requestIndex=2 slot_number=2
2017-11-22 23:43:29,412 :  INFO :   OLYMPUS : Request for shutdown
2017-11-22 23:43:29,412 :  INFO : REPLICA 3 : Result Shuttle Forwarded							for cid = 0 and requestIndex=2 slot_number=2
2017-11-22 23:43:29,413 :  INFO : REPLICA 0 : Request for shutdown
2017-11-22 23:43:29,414 :  INFO : REPLICA 3 : Request for shutdown
2017-11-22 23:43:29,414 :  INFO : REPLICA 1 : Request for shutdown
2017-11-22 23:43:29,414 :  INFO : REPLICA 0 : Terminated
2017-11-22 23:43:29,415 :  INFO : REPLICA 3 : Terminated
2017-11-22 23:43:29,415 :  INFO : REPLICA 1 : Terminated
2017-11-22 23:43:29,424 :  INFO : REPLICA 4 : Request for shutdown
2017-11-22 23:43:29,423 :  INFO : REPLICA 2 : Request for shutdown
2017-11-22 23:43:29,426 :  INFO : REPLICA 4 : Terminated
2017-11-22 23:43:29,426 :  INFO : REPLICA 2 : Terminated
2017-11-22 23:43:29,427 :  INFO :   OLYMPUS : Replicas are shut
2017-11-22 23:43:29,529 :  INFO :   OLYMPUS : Terminated
2017-11-22 23:43:29,530 :  INFO :      MAIN : Replica rid=1 matches test scenario = {'movie': 'star wars'}
2017-11-22 23:43:29,530 :  INFO :      MAIN : Replica rid=2 matches test scenario = {'movie': 'star wars'}
2017-11-22 23:43:29,531 :  INFO :      MAIN : Replica rid=4 matches test scenario = {'movie': 'star wars'}
2017-11-22 23:43:29,531 :  INFO :      MAIN : Replica rid=0 matches test scenario = {'movie': 'star wars'}
2017-11-22 23:43:29,531 :  INFO :      MAIN : Replica rid=3 matches test scenario = {'movie': 'star wars'}
2017-11-22 23:43:29,531 :  INFO :      MAIN : Olympus is shut
2017-11-22 23:43:29,532 :  INFO :      MAIN : Terminating
